Created log file at 03:00:38
Opened log for writing
[OK] 3-0-38 Recieved message
Animation: Twinkle
Animation: Toggle Each Branch
Animation: Flash
Animation: Staircase
[OK] 3-0-38 Staircase successfully started
[OK] 3-0-38 Recieved message
Animation: Twinkle
[OK] 3-0-38 Twinkle successfully started
[OK] 3-0-38 Recieved message
Animation: Twinkle
Animation: Toggle Each Branch
[OK] 3-0-38 Toggle Each Branch successfully started
[OK] 3-0-38 Recieved message
Animation: Twinkle
Animation: Toggle Each Branch
Animation: Flash
Animation: Staircase
Animation: Mirage
[OK] 3-0-38 Mirage successfully started
[OK] 3-0-38 Recieved message
Animation: Twinkle
Animation: Toggle Each Branch
Animation: Flash
Animation: Staircase
Animation: Mirage
Animation: Binary
[OK] 3-0-38 Binary successfully started
[OK] 3-0-38 Recieved message
Animation: Twinkle
Animation: Toggle Each Branch
Animation: Flash
Animation: Staircase
Animation: Mirage
Animation: Binary
Animation: All Off
Animation: All On
[WARNING] 3-0-38 AllOff
[OK] 3-0-38 Recieved message
Animation: Twinkle
Animation: Toggle Each Branch
Animation: Flash
Animation: Staircase
Animation: Mirage
Animation: Binary
Animation: All Off
Animation: All On
[WARNING] 3-0-38 AllOn
