Created log file at 03:29:27
Opened log for writing
[OK] 3-29-27 Recieved message
Animation: Twinkle
Animation: Toggle Each Branch
Animation: Flash
Animation: Staircase
[OK] 3-29-27 Staircase successfully started
[OK] 3-29-27 Recieved message
Animation: Twinkle
Animation: Toggle Each Branch
Animation: Flash
Animation: Staircase
Animation: Mirage
[OK] 3-29-27 Mirage successfully started
[OK] 3-29-27 Recieved message
Animation: Twinkle
Animation: Toggle Each Branch
Animation: Flash
Animation: Staircase
Animation: Mirage
Animation: Binary
Animation: All Off
Animation: All On
[OK] 3-29-27 All On successfully started
[OK] 3-29-27 Recieved message
Animation: Twinkle
Animation: Toggle Each Branch
Animation: Flash
Animation: Staircase
Animation: Mirage
Animation: Binary
Animation: All Off
[OK] 3-29-27 All Off successfully started
