Created log file at 21:45:01
Opened log for writing
[OK] 21-45-1 Recieved message
Animation: Twinkle
Animation: Toggle Each Branch
Animation: Flash
Animation: Staircase
Animation: Mirage
Animation: Binary
Animation: All Off
[OK] 21-45-1 All Off successfully started
[OK] 21-45-1 Recieved message
Animation: Twinkle
Animation: Toggle Each Branch
Animation: Flash
Animation: Staircase
Animation: Mirage
Animation: Binary
Animation: All Off
Animation: All On
[OK] 21-45-1 All On successfully started
[OK] 21-45-1 Recieved message
Animation: Twinkle
Animation: Toggle Each Branch
Animation: Flash
Animation: Staircase
Animation: Mirage
Animation: Binary
Animation: All Off
[OK] 21-45-1 All Off successfully started
