Created log file at 01:55:02
Opened log for writing
[OK] 1-55-2 Recieved message
Animation: Twinkle
Animation: Toggle Each Branch
Animation: Flash
Animation: Staircase
Animation: Mirage
Animation: Binary
Animation: All Off
Animation: All On
[OK] 1-55-2 All On successfully started
[OK] 1-55-2 Recieved message
Animation: Twinkle
Animation: Toggle Each Branch
Animation: Flash
Animation: Staircase
Animation: Mirage
Animation: Binary
Animation: All Off
Animation: All On
[WARNING] 1-55-2 T
[OK] 1-55-2 Recieved message
Animation: Twinkle
Animation: Toggle Each Branch
Animation: Flash
Animation: Staircase
Animation: Mirage
[OK] 1-55-2 Mirage successfully started
[OK] 1-55-2 Recieved message
Animation: Twinkle
Animation: Toggle Each Branch
Animation: Flash
Animation: Staircase
Animation: Mirage
Animation: Binary
Animation: All Off
Animation: All On
[WARNING] 1-55-2 All off'=
[OK] 1-55-2 Recieved message
Animation: Twinkle
Animation: Toggle Each Branch
Animation: Flash
Animation: Staircase
Animation: Mirage
Animation: Binary
Animation: All Off
Animation: All On
[WARNING] 1-55-2 All off
[OK] 1-55-2 Recieved message
Animation: Twinkle
Animation: Toggle Each Branch
Animation: Flash
Animation: Staircase
Animation: Mirage
Animation: Binary
Animation: All Off
Animation: All On
[WARNING] 1-55-2 All in
[OK] 1-55-2 Recieved message
Animation: Twinkle
Animation: Toggle Each Branch
Animation: Flash
Animation: Staircase
Animation: Mirage
Animation: Binary
Animation: All Off
Animation: All On
[WARNING] 1-55-2 All on
[OK] 1-55-2 Recieved message
Animation: Twinkle
Animation: Toggle Each Branch
Animation: Flash
Animation: Staircase
Animation: Mirage
Animation: Binary
Animation: All Off
Animation: All On
[WARNING] 1-55-2 All 0n
[OK] 1-55-2 Recieved message
Animation: Twinkle
Animation: Toggle Each Branch
Animation: Flash
Animation: Staircase
Animation: Mirage
Animation: Binary
Animation: All Off
Animation: All On
[WARNING] 1-55-2 T
[OK] 1-55-2 Recieved message
Animation: Twinkle
Animation: Toggle Each Branch
Animation: Flash
Animation: Staircase
Animation: Mirage
Animation: Binary
Animation: All Off
Animation: All On
[OK] 1-55-2 All On successfully started
[OK] 1-55-2 Recieved message
Animation: Twinkle
Animation: Toggle Each Branch
Animation: Flash
Animation: Staircase
Animation: Mirage
Animation: Binary
Animation: All Off
[OK] 1-55-2 All Off successfully started
[OK] 1-55-2 Recieved message
Animation: Twinkle
Animation: Toggle Each Branch
Animation: Flash
Animation: Staircase
Animation: Mirage
Animation: Binary
Animation: All Off
Animation: All On
[WARNING] 1-55-2 Animation ID: 0
[OK] 1-55-2 Recieved message
Animation: Twinkle
Animation: Toggle Each Branch
Animation: Flash
Animation: Staircase
Animation: Mirage
Animation: Binary
Animation: All Off
Animation: All On
[WARNING] 1-55-2 T
[OK] 1-55-2 Recieved message
Animation: Twinkle
Animation: Toggle Each Branch
Animation: Flash
Animation: Staircase
Animation: Mirage
Animation: Binary
Animation: All Off
Animation: All On
[WARNING] 1-55-2 5
[OK] 1-55-2 Recieved message
Animation: Twinkle
Animation: Toggle Each Branch
Animation: Flash
Animation: Staircase
Animation: Mirage
Animation: Binary
Animation: All Off
Animation: All On
[WARNING] 1-55-2 Animation ID: 5
[OK] 1-55-2 Recieved message
Animation: Twinkle
Animation: Toggle Each Branch
Animation: Flash
Animation: Staircase
Animation: Mirage
Animation: Binary
Animation: All Off
Animation: All On
[OK] 1-55-2 All On successfully started
[OK] 1-55-2 Recieved message
Animation: Twinkle
Animation: Toggle Each Branch
Animation: Flash
Animation: Staircase
Animation: Mirage
Animation: Binary
Animation: All Off
Animation: All On
[WARNING] 1-55-2 Animation ID: 5
[OK] 1-55-2 Recieved message
Animation: Twinkle
Animation: Toggle Each Branch
Animation: Flash
Animation: Staircase
Animation: Mirage
Animation: Binary
Animation: All Off
Animation: All On
[WARNING] 1-55-2 ID: 0
[OK] 1-55-2 Recieved message
Animation: Twinkle
Animation: Toggle Each Branch
Animation: Flash
Animation: Staircase
Animation: Mirage
Animation: Binary
Animation: All Off
Animation: All On
[WARNING] 1-55-2 Animation 0
[OK] 1-55-2 Recieved message
Animation: Twinkle
Animation: Toggle Each Branch
Animation: Flash
Animation: Staircase
Animation: Mirage
Animation: Binary
Animation: All Off
Animation: All On
[WARNING] 1-55-2 0
[OK] 1-55-2 Recieved message
Animation: Twinkle
Animation: Toggle Each Branch
Animation: Flash
Animation: Staircase
Animation: Mirage
Animation: Binary
Animation: All Off
Animation: All On
[WARNING] 1-55-2 Play 0
[OK] 1-55-2 Recieved message
Animation: Twinkle
Animation: Toggle Each Branch
Animation: Flash
Animation: Staircase
Animation: Mirage
[OK] 1-55-2 Mirage successfully started
[OK] 1-55-2 Recieved message
Animation: Twinkle
Animation: Toggle Each Branch
Animation: Flash
Animation: Staircase
Animation: Mirage
Animation: Binary
[OK] 1-55-2 Binary successfully started
[OK] 1-55-2 Recieved message
Animation: Twinkle
Animation: Toggle Each Branch
Animation: Flash
Animation: Staircase
Animation: Mirage
Animation: Binary
Animation: All Off
Animation: All On
[WARNING] 1-55-2 id;
[OK] 1-55-2 Recieved message
Animation: Twinkle
[OK] 1-55-2 Twinkle successfully started
[OK] 1-55-2 Recieved message
Animation: Twinkle
Animation: Toggle Each Branch
[OK] 1-55-2 Toggle Each Branch successfully started
[OK] 1-55-2 Recieved message
Animation: Twinkle
Animation: Toggle Each Branch
Animation: Flash
[OK] 1-55-2 Flash successfully started
[OK] 1-55-2 Recieved message
Animation: Twinkle
Animation: Toggle Each Branch
Animation: Flash
[OK] 1-55-2 Flash successfully started
[OK] 1-55-2 Recieved message
Animation: Twinkle
Animation: Toggle Each Branch
Animation: Flash
Animation: Staircase
Animation: Mirage
Animation: Binary
Animation: All Off
Animation: All On
[OK] 1-55-2 All On successfully started
[OK] 1-55-2 Recieved message
Animation: Twinkle
Animation: Toggle Each Branch
Animation: Flash
[OK] 1-55-2 Flash successfully started
[OK] 1-55-2 Recieved message
Animation: Twinkle
Animation: Toggle Each Branch
Animation: Flash
Animation: Staircase
[OK] 1-55-2 Staircase successfully started
[OK] 1-55-2 Recieved message
Animation: Twinkle
Animation: Toggle Each Branch
Animation: Flash
Animation: Staircase
Animation: Mirage
Animation: Binary
Animation: All Off
Animation: All On
[WARNING] 1-55-2 class Animations {
[OK] 1-55-2 Recieved message
Animation: Twinkle
Animation: Toggle Each Branch
Animation: Flash
[OK] 1-55-2 Flash successfully started
[OK] 1-55-2 Recieved message
Animation: Twinkle
[OK] 1-55-2 Twinkle successfully started
[OK] 1-55-2 Recieved message
Animation: Twinkle
Animation: Toggle Each Branch
Animation: Flash
Animation: Staircase
Animation: Mirage
Animation: Binary
Animation: All Off
Animation: All On
[OK] 1-55-2 All On successfully started
[OK] 1-55-2 Recieved message
Animation: Twinkle
Animation: Toggle Each Branch
Animation: Flash
Animation: Staircase
Animation: Mirage
Animation: Binary
Animation: All Off
Animation: All On
[WARNING] 1-55-2 Pin 3
