Created log file at 22:21:15
Opened log for writing
[OK] 22-21-15 Recieved message
Animation: Twinkle
Animation: Toggle Each Branch
Animation: Flash
Animation: Staircase
Animation: Mirage
Animation: Binary
Animation: All Off
Animation: All On
[OK] 22-21-15 All On successfully started
[OK] 22-21-15 Recieved message
Animation: Twinkle
Animation: Toggle Each Branch
Animation: Flash
Animation: Staircase
Animation: Mirage
Animation: Binary
Animation: All Off
Animation: All On
[WARNING] 22-21-15 {"head": {"version": 0.01,"request": 103,"type": "push"},"data": {"login": {"password": string,"machineid": int},"animation": {"name": string,"play": true,},"branches": { },"star": int},"client": {"machineid": int,"ip": string,"name": string}}
