Created log file at 23:12:17
Opened log for writing
[OK] 23-12-17 Recieved message
Animation: Twinkle
Animation: Toggle Each Branch
Animation: Flash
Animation: Staircase
Animation: Mirage
Animation: Binary
Animation: All Off
Animation: All On
[WARNING] 23-12-17 {"head":{"version":0.01,"request":101,"type":"push"},"data":{"login":{"password":"raspberry","machineid":1001},"animation":null,"branches":null,"star":-1},"client":{"machineid":1001,"ip":"123.456.7.8","name":"TreeClient"}
[OK] 23-12-17 Recieved message
Animation: Twinkle
Animation: Toggle Each Branch
Animation: Flash
Animation: Staircase
Animation: Mirage
Animation: Binary
Animation: All Off
Animation: All On
[WARNING] 23-12-17 {"head":{"version":0.01,"request":101,"type":"push"},"data":{"login":{"password":"raspberry","machineid":1001},"animation":null,"branches":null,"star":-1},"client":{"machineid":1001,"ip":"123.456.7.8","name":"TreeClient"}
