Created log file at 03:07:48
Opened log for writing
[OK] 3-7-48 Recieved message
Animation: Twinkle
Animation: Toggle Each Branch
Animation: Flash
Animation: Staircase
[OK] 3-7-48 Staircase successfully started
[OK] 3-7-48 Recieved message
Animation: Twinkle
Animation: Toggle Each Branch
Animation: Flash
Animation: Staircase
Animation: Mirage
[OK] 3-7-48 Mirage successfully started
[OK] 3-7-48 Recieved message
Animation: Twinkle
Animation: Toggle Each Branch
Animation: Flash
Animation: Staircase
Animation: Mirage
Animation: Binary
Animation: All Off
Animation: All On
[OK] 3-7-48 All On successfully started
[OK] 3-7-48 Recieved message
Animation: Twinkle
Animation: Toggle Each Branch
Animation: Flash
Animation: Staircase
Animation: Mirage
Animation: Binary
Animation: All Off
[OK] 3-7-48 All Off successfully started
[OK] 3-7-48 Recieved message
Animation: Twinkle
Animation: Toggle Each Branch
[OK] 3-7-48 Toggle Each Branch successfully started
[OK] 3-7-48 Recieved message
Animation: Twinkle
Animation: Toggle Each Branch
Animation: Flash
Animation: Staircase
Animation: Mirage
Animation: Binary
[OK] 3-7-48 Binary successfully started
